CRITICAL - 2024-01-18 05:28:38 --> ErrorException: Undefined array key "id"
in APPPATH\Views\list_pengiriman.php on line 114.
 1 APPPATH\Views\list_pengiriman.php(114): CodeIgniter\Debug\Exceptions->errorHandler(2, 'Undefined array key "id"', 'C:\\Users\\Rahma\\Documents\\RAHMAN-DATA\\PEKERJAAN-JK\\Ramedial\\411211051_delivery\\app\\Views\\list_pengiriman.php', 114)
 2 SYSTEMPATH\View\View.php(228): include('C:\\Users\\Rahma\\Documents\\RAHMAN-DATA\\PEKERJAAN-JK\\Ramedial\\411211051_delivery\\app\\Views\\list_pengiriman.php')
 3 SYSTEMPATH\View\View.php(231): CodeIgniter\View\View->CodeIgniter\View\{closure}()
 4 SYSTEMPATH\Common.php(1178): CodeIgniter\View\View->render('list_pengiriman', [], true)
 5 APPPATH\Controllers\DashboardLaporanController.php(41): view('list_pengiriman', [...])
 6 SYSTEMPATH\CodeIgniter.php(941): App\Controllers\DashboardLaporanController->index()
 7 SYSTEMPATH\CodeIgniter.php(502): CodeIgniter\CodeIgniter->runController(Object(App\Controllers\DashboardLaporanController))
 8 SYSTEMPATH\CodeIgniter.php(361): CodeIgniter\CodeIgniter->handleRequest(null, Object(Config\Cache), false)
 9 FCPATH\index.php(79): CodeIgniter\CodeIgniter->run()
10 SYSTEMPATH\Commands\Server\rewrite.php(47): require_once('C:\\Users\\Rahma\\Documents\\RAHMAN-DATA\\PEKERJAAN-JK\\Ramedial\\411211051_delivery\\public\\index.php')
CRITICAL - 2024-01-18 05:30:10 --> ErrorException: Undefined array key "tanggal_pengiriman"
in APPPATH\Views\list_pengiriman.php on line 114.
 1 APPPATH\Views\list_pengiriman.php(114): CodeIgniter\Debug\Exceptions->errorHandler(2, 'Undefined array key "tanggal_pengiriman"', 'C:\\Users\\Rahma\\Documents\\RAHMAN-DATA\\PEKERJAAN-JK\\Ramedial\\411211051_delivery\\app\\Views\\list_pengiriman.php', 114)
 2 SYSTEMPATH\View\View.php(228): include('C:\\Users\\Rahma\\Documents\\RAHMAN-DATA\\PEKERJAAN-JK\\Ramedial\\411211051_delivery\\app\\Views\\list_pengiriman.php')
 3 SYSTEMPATH\View\View.php(231): CodeIgniter\View\View->CodeIgniter\View\{closure}()
 4 SYSTEMPATH\Common.php(1178): CodeIgniter\View\View->render('list_pengiriman', [], true)
 5 APPPATH\Controllers\DashboardLaporanController.php(41): view('list_pengiriman', [...])
 6 SYSTEMPATH\CodeIgniter.php(941): App\Controllers\DashboardLaporanController->index()
 7 SYSTEMPATH\CodeIgniter.php(502): CodeIgniter\CodeIgniter->runController(Object(App\Controllers\DashboardLaporanController))
 8 SYSTEMPATH\CodeIgniter.php(361): CodeIgniter\CodeIgniter->handleRequest(null, Object(Config\Cache), false)
 9 FCPATH\index.php(79): CodeIgniter\CodeIgniter->run()
10 SYSTEMPATH\Commands\Server\rewrite.php(47): require_once('C:\\Users\\Rahma\\Documents\\RAHMAN-DATA\\PEKERJAAN-JK\\Ramedial\\411211051_delivery\\public\\index.php')
CRITICAL - 2024-01-18 05:30:47 --> ErrorException: Undefined array key "2024-01-16"
in SYSTEMPATH\HTTP\URI.php on line 371.
 1 SYSTEMPATH\HTTP\URI.php(371): CodeIgniter\Debug\Exceptions->errorHandler(2, 'Undefined array key "2024-01-16"', 'C:\\Users\\Rahma\\Documents\\RAHMAN-DATA\\PEKERJAAN-JK\\Ramedial\\411211051_delivery\\vendor\\codeigniter4\\framework\\system\\HTTP\\URI.php', 371)
 2 SYSTEMPATH\HTTP\URI.php(635): CodeIgniter\HTTP\URI->getAuthority()
 3 SYSTEMPATH\HTTP\SiteURI.php(111): CodeIgniter\HTTP\URI->__toString()
 4 SYSTEMPATH\HTTP\SiteURI.php(384): CodeIgniter\HTTP\SiteURI->__construct(Object(Config\App), '/detail-data', 'localhost', '2024-01-16')
 5 SYSTEMPATH\Helpers\url_helper.php(54): CodeIgniter\HTTP\SiteURI->baseUrl('/detail-data', '2024-01-16')
 6 APPPATH\Views\list_pengiriman.php(114): base_url('/detail-data', '2024-01-16')
 7 SYSTEMPATH\View\View.php(228): include('C:\\Users\\Rahma\\Documents\\RAHMAN-DATA\\PEKERJAAN-JK\\Ramedial\\411211051_delivery\\app\\Views\\list_pengiriman.php')
 8 SYSTEMPATH\View\View.php(231): CodeIgniter\View\View->CodeIgniter\View\{closure}()
 9 SYSTEMPATH\Common.php(1178): CodeIgniter\View\View->render('list_pengiriman', [], true)
10 APPPATH\Controllers\DashboardLaporanController.php(41): view('list_pengiriman', [...])
11 SYSTEMPATH\CodeIgniter.php(941): App\Controllers\DashboardLaporanController->index()
12 SYSTEMPATH\CodeIgniter.php(502): CodeIgniter\CodeIgniter->runController(Object(App\Controllers\DashboardLaporanController))
13 SYSTEMPATH\CodeIgniter.php(361): CodeIgniter\CodeIgniter->handleRequest(null, Object(Config\Cache), false)
14 FCPATH\index.php(79): CodeIgniter\CodeIgniter->run()
15 SYSTEMPATH\Commands\Server\rewrite.php(47): require_once('C:\\Users\\Rahma\\Documents\\RAHMAN-DATA\\PEKERJAAN-JK\\Ramedial\\411211051_delivery\\public\\index.php')
CRITICAL - 2024-01-18 05:48:18 --> ErrorException: Undefined variable $row
in APPPATH\Views\detail_data.php on line 15.
 1 APPPATH\Views\detail_data.php(15): CodeIgniter\Debug\Exceptions->errorHandler(2, 'Undefined variable $row', 'C:\\Users\\Rahma\\Documents\\RAHMAN-DATA\\PEKERJAAN-JK\\Ramedial\\411211051_delivery\\app\\Views\\detail_data.php', 15)
 2 SYSTEMPATH\View\View.php(228): include('C:\\Users\\Rahma\\Documents\\RAHMAN-DATA\\PEKERJAAN-JK\\Ramedial\\411211051_delivery\\app\\Views\\detail_data.php')
 3 SYSTEMPATH\View\View.php(231): CodeIgniter\View\View->CodeIgniter\View\{closure}()
 4 SYSTEMPATH\Common.php(1178): CodeIgniter\View\View->render('detail_data', [], true)
 5 APPPATH\Controllers\DashboardLaporanController.php(57): view('detail_data', [...])
 6 SYSTEMPATH\CodeIgniter.php(941): App\Controllers\DashboardLaporanController->detailData('2024-01-16')
 7 SYSTEMPATH\CodeIgniter.php(502): CodeIgniter\CodeIgniter->runController(Object(App\Controllers\DashboardLaporanController))
 8 SYSTEMPATH\CodeIgniter.php(361): CodeIgniter\CodeIgniter->handleRequest(null, Object(Config\Cache), false)
 9 FCPATH\index.php(79): CodeIgniter\CodeIgniter->run()
10 SYSTEMPATH\Commands\Server\rewrite.php(47): require_once('C:\\Users\\Rahma\\Documents\\RAHMAN-DATA\\PEKERJAAN-JK\\Ramedial\\411211051_delivery\\public\\index.php')
