CRITICAL - 2024-01-15 18:24:04 --> ErrorException: foreach() argument must be of type array|object, int given
in APPPATH\Views\list_pengiriman.php on line 22.
 1 APPPATH\Views\list_pengiriman.php(22): CodeIgniter\Debug\Exceptions->errorHandler(2, 'foreach() argument must be of type array|object, int given', 'C:\\Users\\Rahma\\Documents\\RAHMAN-DATA\\PEKERJAAN-JK\\Ramedial\\411211051_delivery\\app\\Views\\list_pengiriman.php', 22)
 2 SYSTEMPATH\View\View.php(228): include('C:\\Users\\Rahma\\Documents\\RAHMAN-DATA\\PEKERJAAN-JK\\Ramedial\\411211051_delivery\\app\\Views\\list_pengiriman.php')
 3 SYSTEMPATH\View\View.php(231): CodeIgniter\View\View->CodeIgniter\View\{closure}()
 4 SYSTEMPATH\Common.php(1178): CodeIgniter\View\View->render('list_pengiriman', [], true)
 5 APPPATH\Controllers\DashboardLaporanController.php(18): view('list_pengiriman', [...])
 6 SYSTEMPATH\CodeIgniter.php(941): App\Controllers\DashboardLaporanController->index()
 7 SYSTEMPATH\CodeIgniter.php(502): CodeIgniter\CodeIgniter->runController(Object(App\Controllers\DashboardLaporanController))
 8 SYSTEMPATH\CodeIgniter.php(361): CodeIgniter\CodeIgniter->handleRequest(null, Object(Config\Cache), false)
 9 FCPATH\index.php(79): CodeIgniter\CodeIgniter->run()
10 SYSTEMPATH\Commands\Server\rewrite.php(47): require_once('C:\\Users\\Rahma\\Documents\\RAHMAN-DATA\\PEKERJAAN-JK\\Ramedial\\411211051_delivery\\public\\index.php')
CRITICAL - 2024-01-15 18:25:44 --> ErrorException: Array to string conversion
in APPPATH\Views\list_pengiriman.php on line 28.
 1 APPPATH\Views\list_pengiriman.php(28): CodeIgniter\Debug\Exceptions->errorHandler(2, 'Array to string conversion', 'C:\\Users\\Rahma\\Documents\\RAHMAN-DATA\\PEKERJAAN-JK\\Ramedial\\411211051_delivery\\app\\Views\\list_pengiriman.php', 28)
 2 SYSTEMPATH\View\View.php(228): include('C:\\Users\\Rahma\\Documents\\RAHMAN-DATA\\PEKERJAAN-JK\\Ramedial\\411211051_delivery\\app\\Views\\list_pengiriman.php')
 3 SYSTEMPATH\View\View.php(231): CodeIgniter\View\View->CodeIgniter\View\{closure}()
 4 SYSTEMPATH\Common.php(1178): CodeIgniter\View\View->render('list_pengiriman', [], true)
 5 APPPATH\Controllers\DashboardLaporanController.php(22): view('list_pengiriman', [...])
 6 SYSTEMPATH\CodeIgniter.php(941): App\Controllers\DashboardLaporanController->index()
 7 SYSTEMPATH\CodeIgniter.php(502): CodeIgniter\CodeIgniter->runController(Object(App\Controllers\DashboardLaporanController))
 8 SYSTEMPATH\CodeIgniter.php(361): CodeIgniter\CodeIgniter->handleRequest(null, Object(Config\Cache), false)
 9 FCPATH\index.php(79): CodeIgniter\CodeIgniter->run()
10 SYSTEMPATH\Commands\Server\rewrite.php(47): require_once('C:\\Users\\Rahma\\Documents\\RAHMAN-DATA\\PEKERJAAN-JK\\Ramedial\\411211051_delivery\\public\\index.php')
CRITICAL - 2024-01-15 18:29:22 --> ErrorException: Undefined array key "biaya_pengiriman"
in APPPATH\Views\list_pengiriman.php on line 57.
 1 APPPATH\Views\list_pengiriman.php(57): CodeIgniter\Debug\Exceptions->errorHandler(2, 'Undefined array key "biaya_pengiriman"', 'C:\\Users\\Rahma\\Documents\\RAHMAN-DATA\\PEKERJAAN-JK\\Ramedial\\411211051_delivery\\app\\Views\\list_pengiriman.php', 57)
 2 SYSTEMPATH\View\View.php(228): include('C:\\Users\\Rahma\\Documents\\RAHMAN-DATA\\PEKERJAAN-JK\\Ramedial\\411211051_delivery\\app\\Views\\list_pengiriman.php')
 3 SYSTEMPATH\View\View.php(231): CodeIgniter\View\View->CodeIgniter\View\{closure}()
 4 SYSTEMPATH\Common.php(1178): CodeIgniter\View\View->render('list_pengiriman', [], true)
 5 APPPATH\Controllers\DashboardLaporanController.php(22): view('list_pengiriman', [...])
 6 SYSTEMPATH\CodeIgniter.php(941): App\Controllers\DashboardLaporanController->index()
 7 SYSTEMPATH\CodeIgniter.php(502): CodeIgniter\CodeIgniter->runController(Object(App\Controllers\DashboardLaporanController))
 8 SYSTEMPATH\CodeIgniter.php(361): CodeIgniter\CodeIgniter->handleRequest(null, Object(Config\Cache), false)
 9 FCPATH\index.php(79): CodeIgniter\CodeIgniter->run()
10 SYSTEMPATH\Commands\Server\rewrite.php(47): require_once('C:\\Users\\Rahma\\Documents\\RAHMAN-DATA\\PEKERJAAN-JK\\Ramedial\\411211051_delivery\\public\\index.php')
CRITICAL - 2024-01-15 18:29:54 --> ErrorException: Undefined array key "biaya_pengiriman"
in APPPATH\Views\list_pengiriman.php on line 57.
 1 APPPATH\Views\list_pengiriman.php(57): CodeIgniter\Debug\Exceptions->errorHandler(2, 'Undefined array key "biaya_pengiriman"', 'C:\\Users\\Rahma\\Documents\\RAHMAN-DATA\\PEKERJAAN-JK\\Ramedial\\411211051_delivery\\app\\Views\\list_pengiriman.php', 57)
 2 SYSTEMPATH\View\View.php(228): include('C:\\Users\\Rahma\\Documents\\RAHMAN-DATA\\PEKERJAAN-JK\\Ramedial\\411211051_delivery\\app\\Views\\list_pengiriman.php')
 3 SYSTEMPATH\View\View.php(231): CodeIgniter\View\View->CodeIgniter\View\{closure}()
 4 SYSTEMPATH\Common.php(1178): CodeIgniter\View\View->render('list_pengiriman', [], true)
 5 APPPATH\Controllers\DashboardLaporanController.php(22): view('list_pengiriman', [...])
 6 SYSTEMPATH\CodeIgniter.php(941): App\Controllers\DashboardLaporanController->index()
 7 SYSTEMPATH\CodeIgniter.php(502): CodeIgniter\CodeIgniter->runController(Object(App\Controllers\DashboardLaporanController))
 8 SYSTEMPATH\CodeIgniter.php(361): CodeIgniter\CodeIgniter->handleRequest(null, Object(Config\Cache), false)
 9 FCPATH\index.php(79): CodeIgniter\CodeIgniter->run()
10 SYSTEMPATH\Commands\Server\rewrite.php(47): require_once('C:\\Users\\Rahma\\Documents\\RAHMAN-DATA\\PEKERJAAN-JK\\Ramedial\\411211051_delivery\\public\\index.php')
CRITICAL - 2024-01-15 18:29:58 --> ErrorException: Undefined array key "biaya_pengiriman"
in APPPATH\Views\list_pengiriman.php on line 57.
 1 APPPATH\Views\list_pengiriman.php(57): CodeIgniter\Debug\Exceptions->errorHandler(2, 'Undefined array key "biaya_pengiriman"', 'C:\\Users\\Rahma\\Documents\\RAHMAN-DATA\\PEKERJAAN-JK\\Ramedial\\411211051_delivery\\app\\Views\\list_pengiriman.php', 57)
 2 SYSTEMPATH\View\View.php(228): include('C:\\Users\\Rahma\\Documents\\RAHMAN-DATA\\PEKERJAAN-JK\\Ramedial\\411211051_delivery\\app\\Views\\list_pengiriman.php')
 3 SYSTEMPATH\View\View.php(231): CodeIgniter\View\View->CodeIgniter\View\{closure}()
 4 SYSTEMPATH\Common.php(1178): CodeIgniter\View\View->render('list_pengiriman', [], true)
 5 APPPATH\Controllers\DashboardLaporanController.php(22): view('list_pengiriman', [...])
 6 SYSTEMPATH\CodeIgniter.php(941): App\Controllers\DashboardLaporanController->index()
 7 SYSTEMPATH\CodeIgniter.php(502): CodeIgniter\CodeIgniter->runController(Object(App\Controllers\DashboardLaporanController))
 8 SYSTEMPATH\CodeIgniter.php(361): CodeIgniter\CodeIgniter->handleRequest(null, Object(Config\Cache), false)
 9 FCPATH\index.php(79): CodeIgniter\CodeIgniter->run()
10 SYSTEMPATH\Commands\Server\rewrite.php(47): require_once('C:\\Users\\Rahma\\Documents\\RAHMAN-DATA\\PEKERJAAN-JK\\Ramedial\\411211051_delivery\\public\\index.php')
CRITICAL - 2024-01-15 18:41:53 --> ErrorException: Undefined array key "customer_name"
in APPPATH\Views\list_pengiriman.php on line 51.
 1 APPPATH\Views\list_pengiriman.php(51): CodeIgniter\Debug\Exceptions->errorHandler(2, 'Undefined array key "customer_name"', 'C:\\Users\\Rahma\\Documents\\RAHMAN-DATA\\PEKERJAAN-JK\\Ramedial\\411211051_delivery\\app\\Views\\list_pengiriman.php', 51)
 2 SYSTEMPATH\View\View.php(228): include('C:\\Users\\Rahma\\Documents\\RAHMAN-DATA\\PEKERJAAN-JK\\Ramedial\\411211051_delivery\\app\\Views\\list_pengiriman.php')
 3 SYSTEMPATH\View\View.php(231): CodeIgniter\View\View->CodeIgniter\View\{closure}()
 4 SYSTEMPATH\Common.php(1178): CodeIgniter\View\View->render('list_pengiriman', [], true)
 5 APPPATH\Controllers\DashboardLaporanController.php(37): view('list_pengiriman', [...])
 6 SYSTEMPATH\CodeIgniter.php(941): App\Controllers\DashboardLaporanController->index()
 7 SYSTEMPATH\CodeIgniter.php(502): CodeIgniter\CodeIgniter->runController(Object(App\Controllers\DashboardLaporanController))
 8 SYSTEMPATH\CodeIgniter.php(361): CodeIgniter\CodeIgniter->handleRequest(null, Object(Config\Cache), false)
 9 FCPATH\index.php(79): CodeIgniter\CodeIgniter->run()
10 SYSTEMPATH\Commands\Server\rewrite.php(47): require_once('C:\\Users\\Rahma\\Documents\\RAHMAN-DATA\\PEKERJAAN-JK\\Ramedial\\411211051_delivery\\public\\index.php')
CRITICAL - 2024-01-15 18:45:58 --> ErrorException: Undefined array key "customer_name"
in APPPATH\Views\list_pengiriman.php on line 51.
 1 APPPATH\Views\list_pengiriman.php(51): CodeIgniter\Debug\Exceptions->errorHandler(2, 'Undefined array key "customer_name"', 'C:\\Users\\Rahma\\Documents\\RAHMAN-DATA\\PEKERJAAN-JK\\Ramedial\\411211051_delivery\\app\\Views\\list_pengiriman.php', 51)
 2 SYSTEMPATH\View\View.php(228): include('C:\\Users\\Rahma\\Documents\\RAHMAN-DATA\\PEKERJAAN-JK\\Ramedial\\411211051_delivery\\app\\Views\\list_pengiriman.php')
 3 SYSTEMPATH\View\View.php(231): CodeIgniter\View\View->CodeIgniter\View\{closure}()
 4 SYSTEMPATH\Common.php(1178): CodeIgniter\View\View->render('list_pengiriman', [], true)
 5 APPPATH\Controllers\DashboardLaporanController.php(38): view('list_pengiriman', [...])
 6 SYSTEMPATH\CodeIgniter.php(941): App\Controllers\DashboardLaporanController->index()
 7 SYSTEMPATH\CodeIgniter.php(502): CodeIgniter\CodeIgniter->runController(Object(App\Controllers\DashboardLaporanController))
 8 SYSTEMPATH\CodeIgniter.php(361): CodeIgniter\CodeIgniter->handleRequest(null, Object(Config\Cache), false)
 9 FCPATH\index.php(79): CodeIgniter\CodeIgniter->run()
10 SYSTEMPATH\Commands\Server\rewrite.php(47): require_once('C:\\Users\\Rahma\\Documents\\RAHMAN-DATA\\PEKERJAAN-JK\\Ramedial\\411211051_delivery\\public\\index.php')
